
  Query: query QueryMssqlTopLevelDescendants($first: Int,$after: String,$sortBy: HierarchySortByField,$sortOrder: SortOrder,$typeFilter: [HierarchyObjectTypeEnum!],$filter: [Filter!])
{
  mssqlTopLevelDescendants
  (
  first: $first
  after: $after
  sortBy: $sortBy
  sortOrder: $sortOrder
  typeFilter: $typeFilter
  filter: $filter
  )
  {
    nodes {
       ... on MssqlAvailabilityGroup {
        objectType
        slaAssignment
        effectiveSlaDomain {
           ... on ClusterSlaDomain {
            id
            isRetentionLockedSla
            name
            version
           __typename }
           ... on GlobalSlaReply {
            description
            id
            isArchived
            isDefault
            isRetentionLockedSla
            name
            stateVersion
            version
           __typename }
         __typename }
        hasLogConfigFromSla
        id
        name
        numWorkloadDescendants
        slaPauseStatus
       __typename }
       ... on MssqlDatabase {
        objectType
        slaAssignment
        effectiveSlaDomain {
           ... on ClusterSlaDomain {
            id
            isRetentionLockedSla
            name
            version
           __typename }
           ... on GlobalSlaReply {
            description
            id
            isArchived
            isDefault
            isRetentionLockedSla
            name
            stateVersion
            version
           __typename }
         __typename }
        hasLogConfigFromSla
        hasPermissions
        id
        isInAvailabilityGroup
        isLogShippingSecondary
        isMount
        isOnline
        isRelic
        name
        numWorkloadDescendants
        slaPauseStatus
       __typename }
       ... on MssqlInstance {
        objectType
        slaAssignment
        effectiveSlaDomain {
           ... on ClusterSlaDomain {
            id
            isRetentionLockedSla
            name
            version
           __typename }
           ... on GlobalSlaReply {
            description
            id
            isArchived
            isDefault
            isRetentionLockedSla
            name
            stateVersion
            version
           __typename }
         __typename }
        hasLogConfigFromSla
        id
        name
        numWorkloadDescendants
        slaPauseStatus
       __typename }
       ... on PhysicalHost {
        objectType
        slaAssignment
        effectiveSlaDomain {
           ... on ClusterSlaDomain {
            id
            isRetentionLockedSla
            name
            version
           __typename }
           ... on GlobalSlaReply {
            description
            id
            isArchived
            isDefault
            isRetentionLockedSla
            name
            stateVersion
            version
           __typename }
         __typename }
        cbtStatus
        id
        isArchived
        isChangelistEnabled
        isOracleHost
        name
        numWorkloadDescendants
        slaPauseStatus
        vfdState
        physicalChildConnection {
          nodes {
             ... on ExchangeServer {
              objectType
              slaAssignment
              effectiveSlaDomain {
                 ... on ClusterSlaDomain {
                  id
                  isRetentionLockedSla
                  name
                  version
                 __typename }
                 ... on GlobalSlaReply {
                  description
                  id
                  isArchived
                  isDefault
                  isRetentionLockedSla
                  name
                  stateVersion
                  version
                 __typename }
               __typename }
              hasVgConflict
              id
              name
              numWorkloadDescendants
              slaPauseStatus
              version
             __typename }
             ... on HostShare {
              objectType
              slaAssignment
              effectiveSlaDomain {
                 ... on ClusterSlaDomain {
                  id
                  isRetentionLockedSla
                  name
                  version
                 __typename }
                 ... on GlobalSlaReply {
                  description
                  id
                  isArchived
                  isDefault
                  isRetentionLockedSla
                  name
                  stateVersion
                  version
                 __typename }
               __typename }
              id
              isChangelistEnabled
              name
              numWorkloadDescendants
              slaPauseStatus
             __typename }
             ... on HyperVSCVMM {
              connectionStatus
              objectType
              slaAssignment
              effectiveSlaDomain {
                 ... on ClusterSlaDomain {
                  id
                  isRetentionLockedSla
                  name
                  version
                 __typename }
                 ... on GlobalSlaReply {
                  description
                  id
                  isArchived
                  isDefault
                  isRetentionLockedSla
                  name
                  stateVersion
                  version
                 __typename }
               __typename }
              id
              name
              numWorkloadDescendants
              slaPauseStatus
             __typename }
             ... on HypervServer {
              connectionStatus
              objectType
              slaAssignment
              effectiveSlaDomain {
                 ... on ClusterSlaDomain {
                  id
                  isRetentionLockedSla
                  name
                  version
                 __typename }
                 ... on GlobalSlaReply {
                  description
                  id
                  isArchived
                  isDefault
                  isRetentionLockedSla
                  name
                  stateVersion
                  version
                 __typename }
               __typename }
              id
              name
              numWorkloadDescendants
              slaPauseStatus
             __typename }
             ... on LinuxFileset {
              objectType
              slaAssignment
              effectiveSlaDomain {
                 ... on ClusterSlaDomain {
                  id
                  isRetentionLockedSla
                  name
                  version
                 __typename }
                 ... on GlobalSlaReply {
                  description
                  id
                  isArchived
                  isDefault
                  isRetentionLockedSla
                  name
                  stateVersion
                  version
                 __typename }
               __typename }
              id
              isPassThrough
              isRelic
              name
              numWorkloadDescendants
              slaPauseStatus
             __typename }
             ... on MssqlInstance {
              objectType
              slaAssignment
              effectiveSlaDomain {
                 ... on ClusterSlaDomain {
                  id
                  isRetentionLockedSla
                  name
                  version
                 __typename }
                 ... on GlobalSlaReply {
                  description
                  id
                  isArchived
                  isDefault
                  isRetentionLockedSla
                  name
                  stateVersion
                  version
                 __typename }
               __typename }
              hasLogConfigFromSla
              id
              name
              numWorkloadDescendants
              slaPauseStatus
             __typename }
             ... on ShareFileset {
              objectType
              slaAssignment
              effectiveSlaDomain {
                 ... on ClusterSlaDomain {
                  id
                  isRetentionLockedSla
                  name
                  version
                 __typename }
                 ... on GlobalSlaReply {
                  description
                  id
                  isArchived
                  isDefault
                  isRetentionLockedSla
                  name
                  stateVersion
                  version
                 __typename }
               __typename }
              id
              isPassThrough
              isRelic
              name
              numWorkloadDescendants
              slaPauseStatus
             __typename }
             ... on WindowsFileset {
              objectType
              slaAssignment
              effectiveSlaDomain {
                 ... on ClusterSlaDomain {
                  id
                  isRetentionLockedSla
                  name
                  version
                 __typename }
                 ... on GlobalSlaReply {
                  description
                  id
                  isArchived
                  isDefault
                  isRetentionLockedSla
                  name
                  stateVersion
                  version
                 __typename }
               __typename }
              id
              isPassThrough
              isRelic
              name
              numWorkloadDescendants
              slaPauseStatus
             __typename }
           __typename }
          count
          pageInfo {
            endCursor
            hasNextPage
            hasPreviousPage
            startCursor
           __typename }
         __typename }
       __typename }
       ... on WindowsCluster {
        objectType
        slaAssignment
        effectiveSlaDomain {
           ... on ClusterSlaDomain {
            id
            isRetentionLockedSla
            name
            version
           __typename }
           ... on GlobalSlaReply {
            description
            id
            isArchived
            isDefault
            isRetentionLockedSla
            name
            stateVersion
            version
           __typename }
         __typename }
        id
        name
        numWorkloadDescendants
        slaPauseStatus
       __typename }
     __typename }
    count
    pageInfo {
      endCursor
      hasNextPage
      hasPreviousPage
      startCursor
     __typename }
   __typename }
 __typename }

  Variables: {}
  Operation Name: QueryMssqlTopLevelDescendants
